# JRE version: Java(TM) SE Runtime Environment (8.0-b132) (build 1.8.0-b132)
# Java VM: Java HotSpot(TM) 64-Bit Server VM (25.0-b70 mixed mode linux-amd64 compressed oops)
Heap:
 PSYoungGen      total 22528K, used 14314K [0x00000000ec000000, 0x00000000ed900000, 0x0000000100000000)
  eden space 20992K, 61% used [0x00000000ec000000,0x00000000ecc86440,0x00000000ed480000)
  from space 1536K, 96% used [0x00000000ed680000,0x00000000ed7f46a0,0x00000000ed800000)
  to   space 2048K, 0% used [0x00000000ed480000,0x00000000ed480000,0x00000000ed680000)
 ParOldGen       total 59904K, used 3078K [0x00000000c4000000, 0x00000000c7a80000, 0x00000000ec000000)
  object space 59904K, 5% used [0x00000000c4000000,0x00000000c4301bc8,0x00000000c7a80000)
 Metaspace       used 14392K, capacity 14540K, committed 14848K, reserved 1062912K
  class space    used 1922K, capacity 1969K, committed 2048K, reserved 1048576K
GC Heap History (10 events):
Event: 0,316 GC heap before
{Heap before GC invocations=8 (full 0):
 PSYoungGen      total 5120K, used 4848K [0x00000000ec000000, 0x00000000eca00000, 0x0000000100000000)
  eden space 4096K, 100% used [0x00000000ec000000,0x00000000ec400000,0x00000000ec400000)
  from space 1024K, 73% used [0x00000000ec400000,0x00000000ec4bc250,0x00000000ec500000)
  to   space 1024K, 0% used [0x00000000ec900000,0x00000000ec900000,0x00000000eca00000)
 ParOldGen       total 59904K, used 780K [0x00000000c4000000, 0x00000000c7a80000, 0x00000000ec000000)
  object space 59904K, 1% used [0x00000000c4000000,0x00000000c40c3240,0x00000000c7a80000)
 Metaspace       used 2896K, capacity 4490K, committed 4864K, reserved 1056768K
  class space    used 305K, capacity 386K, committed 512K, reserved 1048576K
Event: 0,317 GC heap after
Heap after GC invocations=8 (full 0):
 PSYoungGen      total 9216K, used 864K [0x00000000ec000000, 0x00000000eca00000, 0x0000000100000000)
  eden space 8192K, 0% used [0x00000000ec000000,0x00000000ec000000,0x00000000ec800000)
  from space 1024K, 84% used [0x00000000ec900000,0x00000000ec9d8000,0x00000000eca00000)
  to   space 1024K, 0% used [0x00000000ec800000,0x00000000ec800000,0x00000000ec900000)
 ParOldGen       total 59904K, used 882K [0x00000000c4000000, 0x00000000c7a80000, 0x00000000ec000000)
  object space 59904K, 1% used [0x00000000c4000000,0x00000000c40dc900,0x00000000c7a80000)
 Metaspace       used 2896K, capacity 4490K, committed 4864K, reserved 1056768K
  class space    used 305K, capacity 386K, committed 512K, reserved 1048576K
}
Event: 0,388 GC heap before
{Heap before GC invocations=9 (full 0):
 PSYoungGen      total 9216K, used 9056K [0x00000000ec000000, 0x00000000eca00000, 0x0000000100000000)
  eden space 8192K, 100% used [0x00000000ec000000,0x00000000ec800000,0x00000000ec800000)
  from space 1024K, 84% used [0x00000000ec900000,0x00000000ec9d8000,0x00000000eca00000)
  to   space 1024K, 0% used [0x00000000ec800000,0x00000000ec800000,0x00000000ec900000)
 ParOldGen       total 59904K, used 882K [0x00000000c4000000, 0x00000000c7a80000, 0x00000000ec000000)
  object space 59904K, 1% used [0x00000000c4000000,0x00000000c40dc900,0x00000000c7a80000)
 Metaspace       used 2902K, capacity 4490K, committed 4864K, reserved 1056768K
  class space    used 305K, capacity 386K, committed 512K, reserved 1048576K
Event: 0,389 GC heap after
Heap after GC invocations=9 (full 0):
 PSYoungGen      total 9216K, used 995K [0x00000000ec000000, 0x00000000ed000000, 0x0000000100000000)
  eden space 8192K, 0% used [0x00000000ec000000,0x00000000ec000000,0x00000000ec800000)
  from space 1024K, 97% used [0x00000000ec800000,0x00000000ec8f8e28,0x00000000ec900000)
  to   space 1536K, 0% used [0x00000000ece80000,0x00000000ece80000,0x00000000ed000000)
 ParOldGen       total 59904K, used 1224K [0x00000000c4000000, 0x00000000c7a80000, 0x00000000ec000000)
  object space 59904K, 2% used [0x00000000c4000000,0x00000000c4132368,0x00000000c7a80000)
 Metaspace       used 2902K, capacity 4490K, committed 4864K, reserved 1056768K
  class space    used 305K, capacity 386K, committed 512K, reserved 1048576K
}
Event: 0,507 GC heap before
{Heap before GC invocations=10 (full 0):
 PSYoungGen      total 9216K, used 9187K [0x00000000ec000000, 0x00000000ed000000, 0x0000000100000000)
  eden space 8192K, 100% used [0x00000000ec000000,0x00000000ec800000,0x00000000ec800000)
  from space 1024K, 97% used [0x00000000ec800000,0x00000000ec8f8e28,0x00000000ec900000)
  to   space 1536K, 0% used [0x00000000ece80000,0x00000000ece80000,0x00000000ed000000)
 ParOldGen       total 59904K, used 1224K [0x00000000c4000000, 0x00000000c7a80000, 0x00000000ec000000)
  object space 59904K, 2% used [0x00000000c4000000,0x00000000c4132368,0x00000000c7a80000)
 Metaspace       used 2912K, capacity 4490K, committed 4864K, reserved 1056768K
  class space    used 305K, capacity 386K, committed 512K, reserved 1048576K
Event: 0,509 GC heap after
Heap after GC invocations=10 (full 0):
 PSYoungGen      total 14848K, used 1138K [0x00000000ec000000, 0x00000000ed000000, 0x0000000100000000)
  eden space 13312K, 0% used [0x00000000ec000000,0x00000000ec000000,0x00000000ecd00000)
  from space 1536K, 74% used [0x00000000ece80000,0x00000000ecf9c8f8,0x00000000ed000000)
  to   space 1536K, 0% used [0x00000000ecd00000,0x00000000ecd00000,0x00000000ece80000)
 ParOldGen       total 59904K, used 1656K [0x00000000c4000000, 0x00000000c7a80000, 0x00000000ec000000)
  object space 59904K, 2% used [0x00000000c4000000,0x00000000c419e050,0x00000000c7a80000)
 Metaspace       used 2912K, capacity 4490K, committed 4864K, reserved 1056768K
  class space    used 305K, capacity 386K, committed 512K, reserved 1048576K
}
Event: 1,039 GC heap before
{Heap before GC invocations=11 (full 0):
 PSYoungGen      total 14848K, used 14450K [0x00000000ec000000, 0x00000000ed000000, 0x0000000100000000)
  eden space 13312K, 100% used [0x00000000ec000000,0x00000000ecd00000,0x00000000ecd00000)
  from space 1536K, 74% used [0x00000000ece80000,0x00000000ecf9c8f8,0x00000000ed000000)
  to   space 1536K, 0% used [0x00000000ecd00000,0x00000000ecd00000,0x00000000ece80000)
 ParOldGen       total 59904K, used 1656K [0x00000000c4000000, 0x00000000c7a80000, 0x00000000ec000000)
  object space 59904K, 2% used [0x00000000c4000000,0x00000000c419e050,0x00000000c7a80000)
 Metaspace       used 5658K, capacity 5748K, committed 6016K, reserved 1056768K
  class space    used 581K, capacity 620K, committed 640K, reserved 1048576K
Event: 1,043 GC heap after
Heap after GC invocations=11 (full 0):
 PSYoungGen      total 14848K, used 1275K [0x00000000ec000000, 0x00000000ed800000, 0x0000000100000000)
  eden space 13312K, 0% used [0x00000000ec000000,0x00000000ec000000,0x00000000ecd00000)
  from space 1536K, 83% used [0x00000000ecd00000,0x00000000ece3efd8,0x00000000ece80000)
  to   space 1536K, 0% used [0x00000000ed680000,0x00000000ed680000,0x00000000ed800000)
 ParOldGen       total 59904K, used 2378K [0x00000000c4000000, 0x00000000c7a80000, 0x00000000ec000000)
  object space 59904K, 3% used [0x00000000c4000000,0x00000000c4252960,0x00000000c7a80000)
 Metaspace       used 5658K, capacity 5748K, committed 6016K, reserved 1056768K
  class space    used 581K, capacity 620K, committed 640K, reserved 1048576K
}
Event: 1,693 GC heap before
{Heap before GC invocations=12 (full 0):
 PSYoungGen      total 14848K, used 14587K [0x00000000ec000000, 0x00000000ed800000, 0x0000000100000000)
  eden space 13312K, 100% used [0x00000000ec000000,0x00000000ecd00000,0x00000000ecd00000)
  from space 1536K, 83% used [0x00000000ecd00000,0x00000000ece3efd8,0x00000000ece80000)
  to   space 1536K, 0% used [0x00000000ed680000,0x00000000ed680000,0x00000000ed800000)
 ParOldGen       total 59904K, used 2378K [0x00000000c4000000, 0x00000000c7a80000, 0x00000000ec000000)
  object space 59904K, 3% used [0x00000000c4000000,0x00000000c4252960,0x00000000c7a80000)
 Metaspace       used 11121K, capacity 11174K, committed 11520K, reserved 1058816K
  class space    used 1479K, capacity 1488K, committed 1536K, reserved 1048576K
Event: 1,697 GC heap after
Heap after GC invocations=12 (full 0):
 PSYoungGen      total 22528K, used 1489K [0x00000000ec000000, 0x00000000ed900000, 0x0000000100000000)
  eden space 20992K, 0% used [0x00000000ec000000,0x00000000ec000000,0x00000000ed480000)
  from space 1536K, 96% used [0x00000000ed680000,0x00000000ed7f46a0,0x00000000ed800000)
  to   space 2048K, 0% used [0x00000000ed480000,0x00000000ed480000,0x00000000ed680000)
 ParOldGen       total 59904K, used 3078K [0x00000000c4000000, 0x00000000c7a80000, 0x00000000ec000000)
  object space 59904K, 5% used [0x00000000c4000000,0x00000000c4301bc8,0x00000000c7a80000)
 Metaspace       used 11121K, capacity 11174K, committed 11520K, reserved 1058816K
  class space    used 1479K, capacity 1488K, committed 1536K, reserved 1048576K
}

